Starting job on  Fri Jul 18 08:31:30 PM CEST 2025
Running on  Linux lxplus941.cern.ch 5.14.0-570.22.1.el9_6.x86_64 #1 SMP PREEMPT_DYNAMIC Sun Jun 8 05:17:37 EDT 2025 x86_64 x86_64 x86_64 GNU/Linux
System release  Red Hat Enterprise Linux release 9.6 (Plow)
name: ZTo3g_M10
carddir: cards/ZTo3g_M10
queue: local
scram_arch: el9_amd64_gcc11
cmssw_version: CMSSW_13_2_9
On branch master
Your branch is up to date with 'origin/master'.

Changes not staged for commit:
  (use "git add <file>..." to update what will be committed)
  (use "git restore <file>..." to discard changes in working directory)
	modified:   cards/examples/ggh_dalitz_5f_LO/ggh_dalitz_5f_LO_madspin_card.dat

Untracked files:
  (use "git add <file>..." to include in what will be committed)
	../../ALP.tar.gz
	ALP.tar.gz
	ZTo3g.log
	ZTo3g/
	ZTo3g_M10.log
	ZTo3g_M10_el9_amd64_gcc11_CMSSW_13_2_9_tarball.tar.xz
	ZTo3g_el9_amd64_gcc11_CMSSW_13_2_9_tarball.tar.xz
	cards/ZTo3g/
	cards/ZTo3g_M0/
	cards/ZTo3g_M10/
	cards/ZTo3g_M11/
	cards/ZTo3g_M12/
	cards/ZTo3g_M13/
	cards/ZTo3g_M14/
	cards/ZTo3g_M15/
	cards/ZTo3g_M16/
	cards/ZTo3g_M17/
	cards/ZTo3g_M18/
	cards/ZTo3g_M19/
	cards/ZTo3g_M2/
	cards/ZTo3g_M20/
	cards/ZTo3g_M21/
	cards/ZTo3g_M22/
	cards/ZTo3g_M23/
	cards/ZTo3g_M24/
	cards/ZTo3g_M25/
	cards/ZTo3g_M26/
	cards/ZTo3g_M27/
	cards/ZTo3g_M28/
	cards/ZTo3g_M29/
	cards/ZTo3g_M3/
	cards/ZTo3g_M30/
	cards/ZTo3g_M31/
	cards/ZTo3g_M32/
	cards/ZTo3g_M33/
	cards/ZTo3g_M34/
	cards/ZTo3g_M35/
	cards/ZTo3g_M4/
	cards/ZTo3g_M5/
	cards/ZTo3g_M6/
	cards/ZTo3g_M7/
	cards/ZTo3g_M8/
	cards/ZTo3g_M9/
	ggh_dalitz_5f_LO.log
	ggh_dalitz_5f_LO/
	lhe_analysis.py
	wplustest_4f_LO.log
	wplustest_4f_LO/


It took 17.70 seconds to enumerate untracked files.
See 'git help status' for information on how to improve this.

no changes added to commit (use "git add" and/or "git commit -a")
Current git revision is:
82dde0589e318a06308f2041a281b8103b3eabf3
diff --git a/bin/MadGraph5_aMCatNLO/cards/examples/ggh_dalitz_5f_LO/ggh_dalitz_5f_LO_madspin_card.dat b/bin/MadGraph5_aMCatNLO/cards/examples/ggh_dalitz_5f_LO/ggh_dalitz_5f_LO_madspin_card.dat
index cfe6ae46..ce966065 100644
--- a/bin/MadGraph5_aMCatNLO/cards/examples/ggh_dalitz_5f_LO/ggh_dalitz_5f_LO_madspin_card.dat
+++ b/bin/MadGraph5_aMCatNLO/cards/examples/ggh_dalitz_5f_LO/ggh_dalitz_5f_LO_madspin_card.dat
@@ -15,7 +15,7 @@ import model loop_qcd_qed_sm-lepton_masses_no_lepton_yukawas --bypass_check
 set ms_dir ./madspingrid
 
 #initialization parameters
- set Nevents_for_max_weigth 250 # number of events for the estimate of the max. weight
+ set Nevents_for_max_weight 250 # number of events for the estimate of the max. weight
  #set BW_cut 15                # cut on how far the particle can be off-shell
  set max_weight_ps_point 400  # number of PS to estimate the maximum for each event
 # 
/eos/user/r/rmclaugh/genproductions/bin/MadGraph5_aMCatNLO
WARNING: In non-interactive mode release checks e.g. deprecated releases, production architectures are disabled.
--2025-07-18 20:33:47--  https://cms-project-generators.web.cern.ch/cms-project-generators/MG5_aMC_v2.9.18.tar.gz
Resolving cms-project-generators.web.cern.ch (cms-project-generators.web.cern.ch)... 2001:1458:d00:17::100:9e, 2001:1458:d00:62::100:2e8, 2001:1458:d00:61::100:1a4, ...
Connecting to cms-project-generators.web.cern.ch (cms-project-generators.web.cern.ch)|2001:1458:d00:17::100:9e|:443... connected.
HTTP request sent, awaiting response... 200 OK
Length: 26651876 (25M) [application/x-gzip]
Saving to: 'MG5_aMC_v2.9.18.tar.gz'

     0K .......... .......... .......... .......... ..........  0% 8.42M 3s
    50K .......... .......... .......... .......... ..........  0% 11.2M 3s
   100K .......... .......... .......... .......... ..........  0% 9.39M 3s
   150K .......... .......... .......... .......... ..........  0% 2.22M 5s
   200K .......... .......... .......... .......... ..........  0% 8.53M 4s
   250K .......... .......... .......... .......... ..........  1% 8.25M 4s
   300K .......... .......... .......... .......... ..........  1% 11.5M 4s
   350K .......... .......... .......... .......... ..........  1% 12.8M 4s
   400K .......... .......... .......... .......... ..........  1% 12.5M 3s
   450K .......... .......... .......... .......... ..........  1% 10.2M 3s
   500K .......... .......... .......... .......... ..........  2% 13.3M 3s
   550K .......... .......... .......... .......... ..........  2% 13.7M 3s
   600K .......... .......... .......... .......... ..........  2% 12.8M 3s
   650K .......... .......... .......... .......... ..........  2% 13.3M 3s
   700K .......... .......... .......... .......... ..........  2% 13.5M 3s
   750K .......... .......... .......... .......... ..........  3% 12.2M 3s
   800K .......... .......... .......... .......... ..........  3% 12.6M 3s
   850K .......... .......... .......... .......... ..........  3% 13.3M 3s
   900K .......... .......... .......... .......... ..........  3% 14.4M 3s
   950K .......... .......... .......... .......... ..........  3% 10.4M 3s
  1000K .......... .......... .......... .......... ..........  4% 12.8M 3s
  1050K .......... .......... .......... .......... ..........  4% 15.6M 3s
  1100K .......... .......... .......... .......... ..........  4% 14.3M 2s
  1150K .......... .......... .......... .......... ..........  4% 10.2M 2s
  1200K .......... .......... .......... .......... ..........  4% 12.7M 2s
  1250K .......... .......... .......... .......... ..........  4% 13.0M 2s
  1300K .......... .......... .......... .......... ..........  5% 8.49M 2s
  1350K .......... .......... .......... .......... ..........  5% 9.47M 2s
  1400K .......... .......... .......... .......... ..........  5% 7.85M 2s
  1450K .......... .......... .......... .......... ..........  5% 9.61M 2s
  1500K .......... .......... .......... .......... ..........  5% 10.9M 2s
  1550K .......... .......... .......... .......... ..........  6% 10.8M 2s
  1600K .......... .......... .......... .......... ..........  6% 9.55M 2s
  1650K .......... .......... .......... .......... ..........  6% 12.2M 2s
  1700K .......... .......... .......... .......... ..........  6% 11.7M 2s
  1750K .......... .......... .......... .......... ..........  6% 8.59M 2s
  1800K .......... .......... .......... .......... ..........  7% 10.4M 2s
  1850K .......... .......... .......... .......... ..........  7% 10.3M 2s
  1900K .......... .......... .......... .......... ..........  7% 9.20M 2s
  1950K .......... .......... .......... .......... ..........  7% 10.8M 2s
  2000K .......... .......... .......... .......... ..........  7% 10.6M 2s
  2050K .......... .......... .......... .......... ..........  8% 10.1M 2s
  2100K .......... .......... .......... .......... ..........  8% 11.3M 2s
  2150K .......... .......... .......... .......... ..........  8% 8.99M 2s
  2200K .......... .......... .......... .......... ..........  8% 10.6M 2s
  2250K .......... .......... .......... .......... ..........  8% 13.2M 2s
  2300K .......... .......... .......... .......... ..........  9% 11.7M 2s
  2350K .......... .......... .......... .......... ..........  9% 9.49M 2s
  2400K .......... .......... .......... .......... ..........  9% 2.98M 2s
  2450K .......... .......... .......... .......... ..........  9% 9.65M 2s
  2500K .......... .......... .......... .......... ..........  9% 11.9M 2s
  2550K .......... .......... .......... .......... ..........  9% 11.5M 2s
  2600K .......... .......... .......... .......... .......... 10% 16.1M 2s
  2650K .......... .......... .......... .......... .......... 10% 11.1M 2s
  2700K .......... .......... .......... .......... .......... 10% 9.85M 2s
  2750K .......... .......... .......... .......... .......... 10% 13.2M 2s
  2800K .......... .......... .......... .......... .......... 10% 16.1M 2s
  2850K .......... .......... .......... .......... .......... 11% 14.7M 2s
  2900K .......... .......... .......... .......... .......... 11% 13.1M 2s
  2950K .......... .......... .......... .......... .......... 11% 10.4M 2s
  3000K .......... .......... .......... .......... .......... 11% 12.8M 2s
  3050K .......... .......... .......... .......... .......... 11% 12.9M 2s
  3100K .......... .......... .......... .......... .......... 12% 14.3M 2s
  3150K .......... .......... .......... .......... .......... 12% 12.9M 2s
  3200K .......... .......... .......... .......... .......... 12% 13.7M 2s
  3250K .......... .......... .......... .......... .......... 12% 14.7M 2s
  3300K .......... .......... .......... .......... .......... 12% 2.83M 2s
  3350K .......... .......... .......... .......... .......... 13% 14.8M 2s
  3400K .......... .......... .......... .......... .......... 13% 11.8M 2s
  3450K .......... .......... .......... .......... .......... 13% 14.7M 2s
  3500K .......... .......... .......... .......... .......... 13% 12.0M 2s
  3550K .......... .......... .......... .......... .......... 13% 15.0M 2s
  3600K .......... .......... .......... .......... .......... 14% 13.4M 2s
  3650K .......... .......... .......... .......... .......... 14% 16.0M 2s
  3700K .......... .......... .......... .......... .......... 14% 12.9M 2s
  3750K .......... .......... .......... .......... .......... 14% 13.7M 2s
  3800K .......... .......... .......... .......... .......... 14% 12.7M 2s
  3850K .......... .......... .......... .......... .......... 14% 10.7M 2s
  3900K .......... .......... .......... .......... .......... 15% 13.5M 2s
  3950K .......... .......... .......... .......... .......... 15% 11.0M 2s
  4000K .......... .......... .......... .......... .......... 15% 9.76M 2s
  4050K .......... .......... .......... .......... .......... 15% 13.6M 2s
  4100K .......... .......... .......... .......... .......... 15% 13.2M 2s
  4150K .......... .......... .......... .......... .......... 16% 9.45M 2s
  4200K .......... .......... .......... .......... .......... 16% 11.8M 2s
  4250K .......... .......... .......... .......... .......... 16% 11.4M 2s
  4300K .......... .......... .......... .......... .......... 16% 12.5M 2s
  4350K .......... .......... .......... .......... .......... 16% 10.9M 2s
  4400K .......... .......... .......... .......... .......... 17% 12.9M 2s
  4450K .......... .......... .......... .......... .......... 17% 14.2M 2s
  4500K .......... .......... .......... .......... .......... 17% 11.2M 2s
  4550K .......... .......... .......... .......... .......... 17% 10.6M 2s
  4600K .......... .......... .......... .......... .......... 17% 10.3M 2s
  4650K .......... .......... .......... .......... .......... 18% 11.9M 2s
  4700K .......... .......... .......... .......... .......... 18% 12.2M 2s
  4750K .......... .......... .......... .......... .......... 18% 10.5M 2s
  4800K .......... .......... .......... .......... .......... 18% 12.7M 2s
  4850K .......... .......... .......... .......... .......... 18% 13.8M 2s
  4900K .......... .......... .......... .......... .......... 19% 12.5M 2s
  4950K .......... .......... .......... .......... .......... 19% 14.4M 2s
  5000K .......... .......... .......... .......... .......... 19% 15.1M 2s
  5050K .......... .......... .......... .......... .......... 19% 14.5M 2s
  5100K .......... .......... .......... .......... .......... 19% 5.07M 2s
  5150K .......... .......... .......... .......... .......... 19% 5.62M 2s
  5200K .......... .......... .......... .......... .......... 20% 5.58M 2s
  5250K .......... .......... .......... .......... .......... 20% 9.21M 2s
  5300K .......... .......... .......... .......... .......... 20% 4.88M 2s
  5350K .......... .......... .......... .......... .......... 20% 5.36M 2s
  5400K .......... .......... .......... .......... .......... 20% 5.60M 2s
  5450K .......... .......... .......... .......... .......... 21% 14.6M 2s
  5500K .......... .......... .......... .......... .......... 21% 4.61M 2s
  5550K .......... .......... .......... .......... .......... 21% 5.01M 2s
  5600K .......... .......... .......... .......... .......... 21% 5.52M 2s
  5650K .......... .......... .......... .......... .......... 21% 13.3M 2s
  5700K .......... .......... .......... .......... .......... 22% 4.92M 2s
  5750K .......... .......... .......... .......... .......... 22% 5.77M 2s
  5800K .......... .......... .......... .......... .......... 22% 12.2M 2s
  5850K .......... .......... .......... .......... .......... 22% 5.15M 2s
  5900K .......... .......... .......... .......... .......... 22% 5.21M 2s
  5950K .......... .......... .......... .......... .......... 23% 12.2M 2s
  6000K .......... .......... .......... .......... .......... 23% 5.53M 2s
  6050K .......... .......... .......... .......... .......... 23% 4.87M 2s
  6100K .......... .......... .......... .......... .......... 23% 13.1M 2s
  6150K .......... .......... .......... .......... .......... 23% 5.44M 2s
  6200K .......... .......... .......... .......... .......... 24% 5.60M 2s
  6250K .......... .......... .......... .......... .......... 24% 4.96M 2s
  6300K .......... .......... .......... .......... .......... 24% 5.44M 2s
  6350K .......... .......... .......... .......... .......... 24% 11.0M 2s
  6400K .......... .......... .......... .......... .......... 24% 4.98M 2s
  6450K .......... .......... .......... .......... .......... 24% 4.34M 2s
  6500K .......... .......... .......... .......... .......... 25% 13.2M 2s
  6550K .......... .......... .......... .......... .......... 25% 11.6M 2s
  6600K .......... .......... .......... .......... .......... 25% 5.22M 2s
  6650K .......... .......... .......... .......... .......... 25% 4.93M 2s
  6700K .......... .......... .......... .......... .......... 25% 11.1M 2s
  6750K .......... .......... .......... .......... .......... 26% 4.91M 2s
  6800K .......... .......... .......... .......... .......... 26% 10.2M 2s
  6850K .......... .......... .......... .......... .......... 26% 4.49M 2s
  6900K .......... .......... .......... .......... .......... 26% 12.5M 2s
  6950K .......... .......... .......... .......... .......... 26% 5.47M 2s
  7000K .......... .......... .......... .......... .......... 27% 9.60M 2s
  7050K .......... .......... .......... .......... .......... 27% 5.16M 2s
  7100K .......... .......... .......... .......... .......... 27% 5.11M 2s
  7150K .......... .......... .......... .......... .......... 27% 10.5M 2s
  7200K .......... .......... .......... .......... .......... 27% 5.29M 2s
  7250K .......... .......... .......... .......... .......... 28% 12.1M 2s
  7300K .......... .......... .......... .......... .......... 28% 5.78M 2s
  7350K .......... .......... .......... .......... .......... 28% 5.69M 2s
  7400K .......... .......... .......... .......... .......... 28% 10.7M 2s
  7450K .......... .......... .......... .......... .......... 28% 5.27M 2s
  7500K .......... .......... .......... .......... .......... 29% 11.1M 2s
  7550K .......... .......... .......... .......... .......... 29% 4.68M 2s
  7600K .......... .......... .......... .......... .......... 29% 8.43M 2s
  7650K .......... .......... .......... .......... .......... 29% 5.49M 2s
  7700K .......... .......... .......... .......... .......... 29% 5.14M 2s
  7750K .......... .......... .......... .......... .......... 29% 9.58M 2s
  7800K .......... .......... .......... .......... .......... 30% 5.11M 2s
  7850K .......... .......... .......... .......... .......... 30% 11.7M 2s
  7900K .......... .......... .......... .......... .......... 30% 5.04M 2s
  7950K .......... .......... .......... .......... .......... 30% 10.0M 2s
  8000K .......... .......... .......... .......... .......... 30% 5.39M 2s
  8050K .......... .......... .......... .......... .......... 31% 5.58M 2s
  8100K .......... .......... .......... .......... .......... 31% 12.9M 2s
  8150K .......... .......... .......... .......... .......... 31% 4.90M 2s
  8200K .......... .......... .......... .......... .......... 31% 12.3M 2s
  8250K .......... .......... .......... .......... .......... 31% 5.30M 2s
  8300K .......... .......... .......... .......... .......... 32% 12.6M 2s
  8350K .......... .......... .......... .......... .......... 32% 4.70M 2s
  8400K .......... .......... .......... .......... .......... 32% 11.1M 2s
  8450K .......... .......... .......... .......... .......... 32% 5.26M 2s
  8500K .......... .......... .......... .......... .......... 32% 9.44M 2s
  8550K .......... .......... .......... .......... .......... 33% 3.98M 2s
  8600K .......... .......... .......... .......... .......... 33% 8.48M 2s
  8650K .......... .......... .......... .......... .......... 33% 9.78M 2s
  8700K .......... .......... .......... .......... .......... 33% 8.37M 2s
  8750K .......... .......... .......... .......... .......... 33% 8.53M 2s
  8800K .......... .......... .......... .......... .......... 34% 4.68M 2s
  8850K .......... .......... .......... .......... .......... 34% 9.95M 2s
  8900K .......... .......... .......... .......... .......... 34% 4.86M 2s
  8950K .......... .......... .......... .......... .......... 34% 12.1M 2s
  9000K .......... .......... .......... .......... .......... 34% 5.27M 2s
  9050K .......... .......... .......... .......... .......... 34% 12.8M 2s
  9100K .......... .......... .......... .......... .......... 35% 4.98M 2s
  9150K .......... .......... .......... .......... .......... 35% 14.2M 2s
  9200K .......... .......... .......... .......... .......... 35% 5.65M 2s
  9250K .......... .......... .......... .......... .......... 35% 4.91M 2s
  9300K .......... .......... .......... .......... .......... 35% 7.66M 2s
  9350K .......... .......... .......... .......... .......... 36% 5.33M 2s
  9400K .......... .......... .......... .......... .......... 36% 11.0M 2s
  9450K .......... .......... .......... .......... .......... 36% 5.14M 2s
  9500K .......... .......... .......... .......... .......... 36% 9.44M 2s
  9550K .......... .......... .......... .......... .......... 36% 5.20M 2s
  9600K .......... .......... .......... .......... .......... 37% 9.00M 2s
  9650K .......... .......... .......... .......... .......... 37% 8.38M 2s
  9700K .......... .......... .......... .......... .......... 37% 8.39M 2s
  9750K .......... .......... .......... .......... .......... 37% 3.89M 2s
  9800K .......... .......... .......... .......... .......... 37% 7.75M 2s
  9850K .......... .......... .......... .......... .......... 38% 7.58M 2s
  9900K .......... .......... .......... .......... .......... 38% 5.04M 2s
  9950K .......... .......... .......... .......... .......... 38% 9.71M 2s
 10000K .......... .......... .......... .......... .......... 38% 8.85M 2s
 10050K .......... .......... .......... .......... .......... 38% 4.46M 2s
 10100K .......... .......... .......... .......... .......... 38% 8.11M 2s
 10150K .......... .......... .......... .......... .......... 39% 10.2M 2s
 10200K .......... .......... .......... .......... .......... 39% 10.9M 2s
 10250K .......... .......... .......... .......... .......... 39% 4.27M 2s
 10300K .......... .......... .......... .......... .......... 39% 8.47M 2s
 10350K .......... .......... .......... .......... .......... 39% 11.4M 2s
 10400K .......... .......... .......... .......... .......... 40% 4.42M 2s
 10450K .......... .......... .......... .......... .......... 40% 5.99M 2s
 10500K .......... .......... .......... .......... .......... 40% 10.4M 2s
 10550K .......... .......... .......... .......... .......... 40% 9.87M 2s
 10600K .......... .......... .......... .......... .......... 40% 9.85M 2s
 10650K .......... .......... .......... .......... .......... 41% 4.62M 2s
 10700K .......... .......... .......... .......... .......... 41% 9.96M 2s
 10750K .......... .......... .......... .......... .......... 41% 9.54M 2s
 10800K .......... .......... .......... .......... .......... 41% 4.30M 2s
 10850K .......... .......... .......... .......... .......... 41% 10.1M 2s
 10900K .......... .......... .......... .......... .......... 42% 2.24M 2s
 10950K .......... .......... .......... .......... .......... 42% 6.84M 2s
 11000K .......... .......... .......... .......... .......... 42% 8.00M 2s
 11050K .......... .......... .......... .......... .......... 42% 7.86M 2s
 11100K .......... .......... .......... .......... .......... 42% 8.79M 2s
 11150K .......... .......... .......... .......... .......... 43% 9.52M 2s
 11200K .......... .......... .......... .......... .......... 43% 8.56M 2s
 11250K .......... .......... .......... .......... .......... 43% 9.28M 2s
 11300K .......... .......... .......... .......... .......... 43% 8.79M 2s
 11350K .......... .......... .......... .......... .......... 43% 9.39M 2s
 11400K .......... .......... .......... .......... .......... 43% 4.03M 2s
 11450K .......... .......... .......... .......... .......... 44% 6.13M 2s
 11500K .......... .......... .......... .......... .......... 44% 10.2M 2s
 11550K .......... .......... .......... .......... .......... 44% 7.53M 2s
 11600K .......... .......... .......... .......... .......... 44% 7.69M 2s
 11650K .......... .......... .......... .......... .......... 44% 9.93M 2s
 11700K .......... .......... .......... .......... .......... 45% 4.43M 2s
 11750K .......... .......... .......... .......... .......... 45% 9.43M 2s
 11800K .......... .......... .......... .......... .......... 45% 4.47M 2s
 11850K .......... .......... .......... .......... .......... 45% 11.9M 2s
 11900K .......... .......... .......... .......... .......... 45% 11.1M 2s
 11950K .......... .......... .......... .......... .......... 46% 4.87M 2s
 12000K .......... .......... .......... .......... .......... 46% 13.0M 2s
 12050K .......... .......... .......... .......... .......... 46% 4.84M 2s
 12100K .......... .......... .......... .......... .......... 46% 13.1M 2s
 12150K .......... .......... .......... .......... .......... 46% 4.39M 2s
 12200K .......... .......... .......... .......... .......... 47% 11.4M 2s
 12250K .......... .......... .......... .......... .......... 47% 5.10M 2s
 12300K .......... .......... .......... .......... .......... 47% 9.77M 2s
 12350K .......... .......... .......... .......... .......... 47% 4.87M 2s
 12400K .......... .......... .......... .......... .......... 47% 12.1M 2s
 12450K .......... .......... .......... .......... .......... 48% 5.05M 2s
 12500K .......... .......... .......... .......... .......... 48% 10.4M 2s
 12550K .......... .......... .......... .......... .......... 48% 4.50M 2s
 12600K .......... .......... .......... .......... .......... 48% 11.4M 2s
 12650K .......... .......... .......... .......... .......... 48% 12.6M 2s
 12700K .......... .......... .......... .......... .......... 48% 3.69M 2s
 12750K .......... .......... .......... .......... .......... 49% 9.99M 2s
 12800K .......... .......... .......... .......... .......... 49% 5.72M 2s
 12850K .......... .......... .......... .......... .......... 49% 13.9M 2s
 12900K .......... .......... .......... .......... .......... 49% 5.00M 2s
 12950K .......... .......... .......... .......... .......... 49% 5.62M 2s
 13000K .......... .......... .......... .......... .......... 50% 13.4M 2s
 13050K .......... .......... .......... .......... .......... 50% 5.60M 2s
 13100K .......... .......... .......... .......... .......... 50% 4.76M 2s
 13150K .......... .......... .......... .......... .......... 50% 11.3M 2s
 13200K .......... .......... .......... .......... .......... 50% 10.8M 2s
 13250K .......... .......... .......... .......... .......... 51% 5.63M 2s
 13300K .......... .......... .......... .......... .......... 51% 5.19M 2s
 13350K .......... .......... .......... .......... .......... 51% 12.4M 2s
 13400K .......... .......... .......... .......... .......... 51% 4.72M 2s
 13450K .......... .......... .......... .......... .......... 51% 11.5M 2s
 13500K .......... .......... .......... .......... .......... 52% 5.03M 2s
 13550K .......... .......... .......... .......... .......... 52% 12.2M 2s
 13600K .......... .......... .......... .......... .......... 52% 5.11M 2s
 13650K .......... .......... .......... .......... .......... 52% 12.4M 2s
 13700K .......... .......... .......... .......... .......... 52% 3.70M 2s
 13750K .......... .......... .......... .......... .......... 53% 10.4M 2s
 13800K .......... .......... .......... .......... .......... 53% 9.03M 2s
 13850K .......... .......... .......... .......... .......... 53% 5.30M 2s
 13900K .......... .......... .......... .......... .......... 53% 9.47M 2s
 13950K .......... .......... .......... .......... .......... 53% 5.39M 2s
 14000K .......... .......... .......... .......... .......... 53% 12.7M 2s
 14050K .......... .......... .......... .......... .......... 54% 4.91M 2s
 14100K .......... .......... .......... .......... .......... 54% 5.38M 2s
 14150K .......... .......... .......... .......... .......... 54% 12.2M 1s
 14200K .......... .......... .......... .......... .......... 54% 5.17M 1s
 14250K .......... .......... .......... .......... .......... 54% 7.35M 1s
 14300K .......... .......... .......... .......... .......... 55% 12.3M 1s
 14350K .......... .......... .......... .......... .......... 55% 5.12M 1s
 14400K .......... .......... .......... .......... .......... 55% 11.5M 1s
 14450K .......... .......... .......... .......... .......... 55% 4.79M 1s
 14500K .......... .......... .......... .......... .......... 55% 11.0M 1s
 14550K .......... .......... .......... .......... .......... 56% 8.98M 1s
 14600K .......... .......... .......... .......... .......... 56% 5.08M 1s
 14650K .......... .......... .......... .......... .......... 56% 8.58M 1s
 14700K .......... .......... .......... .......... .......... 56% 10.7M 1s
 14750K .......... .......... .......... .......... .......... 56% 10.1M 1s
 14800K .......... .......... .......... .......... .......... 57% 5.24M 1s
 14850K .......... .......... .......... .......... .......... 57% 8.73M 1s
 14900K .......... .......... .......... .......... .......... 57% 4.74M 1s
 14950K .......... .......... .......... .......... .......... 57% 8.84M 1s
 15000K .......... .......... .......... .......... .......... 57% 9.21M 1s
 15050K .......... .......... .......... .......... .......... 58% 4.96M 1s
 15100K .......... .......... .......... .......... .......... 58% 10.2M 1s
 15150K .......... .......... .......... .......... .......... 58% 5.04M 1s
 15200K .......... .......... .......... .......... .......... 58% 7.97M 1s
 15250K .......... .......... .......... .......... .......... 58% 12.9M 1s
 15300K .......... .......... .......... .......... .......... 58% 5.32M 1s
 15350K .......... .......... .......... .......... .......... 59% 12.0M 1s
 15400K .......... .......... .......... .......... .......... 59% 4.63M 1s
 15450K .......... .......... .......... .......... .......... 59% 11.6M 1s
 15500K .......... .......... .......... .......... .......... 59% 4.90M 1s
 15550K .......... .......... .......... .......... .......... 59% 10.8M 1s
 15600K .......... .......... .......... .......... .......... 60% 8.67M 1s
 15650K .......... .......... .......... .......... .......... 60% 5.01M 1s
 15700K .......... .......... .......... .......... .......... 60% 9.91M 1s
 15750K .......... .......... .......... .......... .......... 60% 4.97M 1s
 15800K .......... .......... .......... .......... .......... 60% 8.70M 1s
 15850K .......... .......... .......... .......... .......... 61% 4.95M 1s
 15900K .......... .......... .......... .......... .......... 61% 10.2M 1s
 15950K .......... .......... .......... .......... .......... 61% 8.65M 1s
 16000K .......... .......... .......... .......... .......... 61% 4.91M 1s
 16050K .......... .......... .......... .......... .......... 61% 8.97M 1s
 16100K .......... .......... .......... .......... .......... 62% 10.7M 1s
 16150K .......... .......... .......... .......... .......... 62% 4.32M 1s
 16200K .......... .......... .......... .......... .......... 62% 1.74M 1s
 16250K .......... .......... .......... .......... .......... 62% 9.98M 1s
 16300K .......... .......... .......... .......... .......... 62% 12.6M 1s
 16350K .......... .......... .......... .......... .......... 63% 8.58M 1s
 16400K .......... .......... .......... .......... .......... 63% 12.3M 1s
 16450K .......... .......... .......... .......... .......... 63% 11.0M 1s
 16500K .......... .......... .......... .......... .......... 63% 11.4M 1s
 16550K .......... .......... .......... .......... .......... 63% 8.39M 1s
 16600K .......... .......... .......... .......... .......... 63% 8.83M 1s
 16650K .......... .......... .......... .......... .......... 64% 9.07M 1s
 16700K .......... .......... .......... .......... .......... 64% 8.64M 1s
 16750K .......... .......... .......... .......... .......... 64% 6.56M 1s
 16800K .......... .......... .......... .......... .......... 64% 8.55M 1s
 16850K .......... .......... .......... .......... .......... 64% 9.44M 1s
 16900K .......... .......... .......... .......... .......... 65% 10.6M 1s
 16950K .......... .......... .......... .......... .......... 65% 7.28M 1s
 17000K .......... .......... .......... .......... .......... 65% 9.96M 1s
 17050K .......... .......... .......... .......... .......... 65% 10.8M 1s
 17100K .......... .......... .......... .......... .......... 65% 8.09M 1s
 17150K .......... .......... .......... .......... .......... 66% 4.45M 1s
 17200K .......... .......... .......... .......... .......... 66% 10.6M 1s
 17250K .......... .......... .......... .......... .......... 66% 8.12M 1s
 17300K .......... .......... .......... .......... .......... 66% 8.05M 1s
 17350K .......... .......... .......... .......... .......... 66% 5.19M 1s
 17400K .......... .......... .......... .......... .......... 67% 12.2M 1s
 17450K .......... .......... .......... .......... .......... 67% 4.58M 1s
 17500K .......... .......... .......... .......... .......... 67% 8.78M 1s
 17550K .......... .......... .......... .......... .......... 67% 8.61M 1s
 17600K .......... .......... .......... .......... .......... 67% 5.12M 1s
 17650K .......... .......... .......... .......... .......... 68% 9.74M 1s
 17700K .......... .......... .......... .......... .......... 68% 10.2M 1s
 17750K .......... .......... .......... .......... .......... 68% 5.72M 1s
 17800K .......... .......... .......... .......... .......... 68% 10.2M 1s
 17850K .......... .......... .......... .......... .......... 68% 4.96M 1s
 17900K .......... .......... .......... .......... .......... 68% 5.23M 1s
 17950K .......... .......... .......... .......... .......... 69% 13.9M 1s
 18000K .......... .......... .......... .......... .......... 69% 5.82M 1s
 18050K .......... .......... .......... .......... .......... 69% 5.26M 1s
 18100K .......... .......... .......... .......... .......... 69% 9.61M 1s
 18150K .......... .......... .......... .......... .......... 69% 1.98M 1s
 18200K .......... .......... .......... .......... .......... 70% 7.48M 1s
 18250K .......... .......... .......... .......... .......... 70% 7.74M 1s
 18300K .......... .......... .......... .......... .......... 70% 8.71M 1s
 18350K .......... .......... .......... .......... .......... 70% 9.00M 1s
 18400K .......... .......... .......... .......... .......... 70% 8.87M 1s
 18450K .......... .......... .......... .......... .......... 71% 9.30M 1s
 18500K .......... .......... .......... .......... .......... 71% 10.7M 1s
 18550K .......... .......... .......... .......... .......... 71% 8.57M 1s
 18600K .......... .......... .......... .......... .......... 71% 6.97M 1s
 18650K .......... .......... .......... .......... .......... 71% 8.86M 1s
 18700K .......... .......... .......... .......... .......... 72% 4.69M 1s
 18750K .......... .......... .......... .......... .......... 72% 5.57M 1s
 18800K .......... .......... .......... .......... .......... 72% 5.83M 1s
 18850K .......... .......... .......... .......... .......... 72% 9.07M 1s
 18900K .......... .......... .......... .......... .......... 72% 10.7M 1s
 18950K .......... .......... .......... .......... .......... 73% 9.28M 1s
 19000K .......... .......... .......... .......... .......... 73% 8.53M 1s
 19050K .......... .......... .......... .......... .......... 73% 5.97M 1s
 19100K .......... .......... .......... .......... .......... 73% 7.20M 1s
 19150K .......... .......... .......... .......... .......... 73% 6.58M 1s
 19200K .......... .......... .......... .......... .......... 73% 8.65M 1s
 19250K .......... .......... .......... .......... .......... 74% 5.32M 1s
 19300K .......... .......... .......... .......... .......... 74% 9.82M 1s
 19350K .......... .......... .......... .......... .......... 74% 4.84M 1s
 19400K .......... .......... .......... .......... .......... 74% 9.48M 1s
 19450K .......... .......... .......... .......... .......... 74% 4.80M 1s
 19500K .......... .......... .......... .......... .......... 75% 7.55M 1s
 19550K .......... .......... .......... .......... .......... 75% 13.5M 1s
 19600K .......... .......... .......... .......... .......... 75% 4.26M 1s
 19650K .......... .......... .......... .......... .......... 75% 10.7M 1s
 19700K .......... .......... .......... .......... .......... 75% 5.26M 1s
 19750K .......... .......... .......... .......... .......... 76% 9.82M 1s
 19800K .......... .......... .......... .......... .......... 76% 7.32M 1s
 19850K .......... .......... .......... .......... .......... 76% 5.15M 1s
 19900K .......... .......... .......... .......... .......... 76% 10.5M 1s
 19950K .......... .......... .......... .......... .......... 76% 4.32M 1s
 20000K .......... .......... .......... .......... .......... 77% 8.16M 1s
 20050K .......... .......... .......... .......... .......... 77% 9.94M 1s
 20100K .......... .......... .......... .......... .......... 77% 10.5M 1s
 20150K .......... .......... .......... .......... .......... 77% 4.19M 1s
 20200K .......... .......... .......... .......... .......... 77% 6.74M 1s
 20250K .......... .......... .......... .......... .......... 77% 5.96M 1s
 20300K .......... .......... .......... .......... .......... 78% 8.09M 1s
 20350K .......... .......... .......... .......... .......... 78% 8.03M 1s
 20400K .......... .......... .......... .......... .......... 78% 7.81M 1s
 20450K .......... .......... .......... .......... .......... 78% 9.48M 1s
 20500K .......... .......... .......... .......... .......... 78% 12.4M 1s
 20550K .......... .......... .......... .......... .......... 79% 3.92M 1s
 20600K .......... .......... .......... .......... .......... 79% 11.5M 1s
 20650K .......... .......... .......... .......... .......... 79% 6.69M 1s
 20700K .......... .......... .......... .......... .......... 79% 8.41M 1s
 20750K .......... .......... .......... .......... .......... 79% 6.91M 1s
 20800K .......... .......... .......... .......... .......... 80% 4.21M 1s
 20850K .......... .......... .......... .......... .......... 80% 8.34M 1s
 20900K .......... .......... .......... .......... .......... 80% 6.25M 1s
 20950K .......... .......... .......... .......... .......... 80% 7.00M 1s
 21000K .......... .......... .......... .......... .......... 80% 6.77M 1s
 21050K .......... .......... .......... .......... .......... 81% 9.27M 1s
 21100K .......... .......... .......... .......... .......... 81% 3.88M 1s
 21150K .......... .......... .......... .......... .......... 81% 6.27M 1s
 21200K .......... .......... .......... .......... .......... 81% 5.47M 1s
 21250K .......... .......... .......... .......... .......... 81% 6.75M 1s
 21300K .......... .......... .......... .......... .......... 82% 5.72M 1s
 21350K .......... .......... .......... .......... .......... 82% 2.21M 1s
 21400K .......... .......... .......... .......... .......... 82% 6.75M 1s
 21450K .......... .......... .......... .......... .......... 82% 7.60M 1s
 21500K .......... .......... .......... .......... .......... 82% 6.60M 1s
 21550K .......... .......... .......... .......... .......... 82% 6.39M 1s
 21600K .......... .......... .......... .......... .......... 83% 8.78M 1s
 21650K .......... .......... .......... .......... .......... 83% 9.09M 1s
 21700K .......... .......... .......... .......... .......... 83% 6.38M 1s
 21750K .......... .......... .......... .......... .......... 83% 8.71M 1s
 21800K .......... .......... .......... .......... .......... 83% 10.7M 1s
 21850K .......... .......... .......... .......... .......... 84% 8.74M 1s
 21900K .......... .......... .......... .......... .......... 84% 4.10M 1s
 21950K .......... .......... .......... .......... .......... 84% 9.77M 1s
 22000K .......... .......... .......... .......... .......... 84% 7.71M 1s
 22050K .......... .......... .......... .......... .......... 84% 5.56M 1s
 22100K .......... .......... .......... .......... .......... 85% 6.16M 1s
 22150K .......... .......... .......... .......... .......... 85% 7.96M 1s
 22200K .......... .......... .......... .......... .......... 85% 10.2M 0s
 22250K .......... .......... .......... .......... .......... 85% 6.82M 0s
 22300K .......... .......... .......... .......... .......... 85% 9.61M 0s
 22350K .......... .......... .......... .......... .......... 86% 8.26M 0s
 22400K .......... .......... .......... .......... .......... 86% 11.1M 0s
 22450K .......... .......... .......... .......... .......... 86% 7.95M 0s
 22500K .......... .......... .......... .......... .......... 86% 6.47M 0s
 22550K .......... .......... .......... .......... .......... 86% 8.78M 0s
 22600K .......... .......... .......... .......... .......... 87% 8.62M 0s
 22650K .......... .......... .......... .......... .......... 87% 8.24M 0s
 22700K .......... .......... .......... .......... .......... 87% 6.06M 0s
 22750K .......... .......... .......... .......... .......... 87% 8.87M 0s
 22800K .......... .......... .......... .......... .......... 87% 8.50M 0s
 22850K .......... .......... .......... .......... .......... 87% 5.59M 0s
 22900K .......... .......... .......... .......... .......... 88% 8.21M 0s
 22950K .......... .......... .......... .......... .......... 88% 6.60M 0s
 23000K .......... .......... .......... .......... .......... 88% 5.37M 0s
 23050K .......... .......... .......... .......... .......... 88% 8.88M 0s
 23100K .......... .......... .......... .......... .......... 88% 12.0M 0s
 23150K .......... .......... .......... .......... .......... 89% 8.10M 0s
 23200K .......... .......... .......... .......... .......... 89% 7.63M 0s
 23250K .......... .......... .......... .......... .......... 89% 6.46M 0s
 23300K .......... .......... .......... .......... .......... 89% 7.23M 0s
 23350K .......... .......... .......... .......... .......... 89% 4.79M 0s
 23400K .......... .......... .......... .......... .......... 90% 7.43M 0s
 23450K .......... .......... .......... .......... .......... 90% 6.41M 0s
 23500K .......... .......... .......... .......... .......... 90% 6.30M 0s
 23550K .......... .......... .......... .......... .......... 90% 7.02M 0s
 23600K .......... .......... .......... .......... .......... 90% 6.37M 0s
 23650K .......... .......... .......... .......... .......... 91% 7.79M 0s
 23700K .......... .......... .......... .......... .......... 91% 11.2M 0s
 23750K .......... .......... .......... .......... .......... 91% 10.3M 0s
 23800K .......... .......... .......... .......... .......... 91% 5.28M 0s
 23850K .......... .......... .......... .......... .......... 91% 8.56M 0s
 23900K .......... .......... .......... .......... .......... 92% 7.20M 0s
 23950K .......... .......... .......... .......... .......... 92% 9.37M 0s
 24000K .......... .......... .......... .......... .......... 92% 7.19M 0s
 24050K .......... .......... .......... .......... .......... 92% 7.95M 0s
 24100K .......... .......... .......... .......... .......... 92% 7.92M 0s
 24150K .......... .......... .......... .......... .......... 92% 3.85M 0s
 24200K .......... .......... .......... .......... .......... 93% 9.10M 0s
 24250K .......... .......... .......... .......... .......... 93% 10.8M 0s
 24300K .......... .......... .......... .......... .......... 93% 4.45M 0s
 24350K .......... .......... .......... .......... .......... 93% 4.92M 0s
 24400K .......... .......... .......... .......... .......... 93% 8.23M 0s
 24450K .......... .......... .......... .......... .......... 94% 6.70M 0s
 24500K .......... .......... .......... .......... .......... 94% 6.82M 0s
 24550K .......... .......... .......... .......... .......... 94% 5.58M 0s
 24600K .......... .......... .......... .......... .......... 94% 8.37M 0s
 24650K .......... .......... .......... .......... .......... 94% 5.39M 0s
 24700K .......... .......... .......... .......... .......... 95% 8.10M 0s
 24750K .......... .......... .......... .......... .......... 95% 7.22M 0s
 24800K .......... .......... .......... .......... .......... 95% 1.74M 0s
 24850K .......... .......... .......... .......... .......... 95% 5.64M 0s
 24900K .......... .......... .......... .......... .......... 95% 8.25M 0s
 24950K .......... .......... .......... .......... .......... 96% 9.18M 0s
 25000K .......... .......... .......... .......... .......... 96% 9.12M 0s
 25050K .......... .......... .......... .......... .......... 96% 9.18M 0s
 25100K .......... .......... .......... .......... .......... 96% 8.13M 0s
 25150K .......... .......... .......... .......... .......... 96% 2.49M 0s
 25200K .......... .......... .......... .......... .......... 97% 9.14M 0s
 25250K .......... .......... .......... .......... .......... 97% 7.11M 0s
 25300K .......... .......... .......... .......... .......... 97% 7.62M 0s
 25350K .......... .......... .......... .......... .......... 97% 11.4M 0s
 25400K .......... .......... .......... .......... .......... 97% 12.5M 0s
 25450K .......... .......... .......... .......... .......... 97% 11.2M 0s
 25500K .......... .......... .......... .......... .......... 98% 7.52M 0s
 25550K .......... .......... .......... .......... .......... 98% 10.4M 0s
 25600K .......... .......... .......... .......... .......... 98% 12.0M 0s
 25650K .......... .......... .......... .......... .......... 98% 11.6M 0s
 25700K .......... .......... .......... .......... .......... 98% 8.41M 0s
 25750K .......... .......... .......... .......... .......... 99% 8.55M 0s
 25800K .......... .......... .......... .......... .......... 99% 10.4M 0s
 25850K .......... .......... .......... .......... .......... 99% 13.0M 0s
 25900K .......... .......... .......... .......... .......... 99% 4.31M 0s
 25950K .......... .......... .......... .......... .......... 99% 8.69M 0s
 26000K .......... .......... .......                         100% 13.3M=3.5s

2025-07-18 20:33:51 (7.33 MB/s) - 'MG5_aMC_v2.9.18.tar.gz' saved [26651876/26651876]

patching file models/loop_qcd_qed_sm/restrict_lepton_masses_no_lepton_yukawas.dat
patching file models/loop_sm/restrict_ckm_no_b_mass.dat
patching file models/sm/restrict_ckm_lepton_masses.dat
patching file models/sm/restrict_ckm_lepton_masses_no_b_mass.dat
patching file models/sm/restrict_ckm_no_b_mass.dat
patching file models/sm/restrict_lepton_masses_no_b_mass.dat
patching file Template/NLO/SubProcesses/MCmasses_PYTHIA8.inc
patching file madgraph/interface/loop_interface.py
patching file madgraph/various/systematics.py
Hunk #1 succeeded at 342 (offset 3 lines).
Hunk #2 succeeded at 377 (offset 3 lines).
Hunk #3 succeeded at 551 (offset 3 lines).
patching file Template/NLO/Source/make_opts.inc
patching file madgraph/iolibs/export_v4.py
patching file madgraph/iolibs/template_files/pdf_opendata.f
patching file madgraph/iolibs/template_files/pdf_wrap_lhapdf.f
patching file madgraph/iolibs/template_files/pdf_wrap_lhapdf.f
patching file madgraph/interface/reweight_interface.py
patching file madgraph/interface/common_run_interface.py
patching file Template/LO/SubProcesses/refine.sh
patching file Template/LO/SubProcesses/refine_splitted.sh
patching file Template/LO/SubProcesses/survey.sh
patching file Template/NLO/SubProcesses/ajob_template
patching file Template/NLO/SubProcesses/reweight_xsec_events.local
patching file madgraph/various/misc.py
Hunk #1 succeeded at 514 (offset 39 lines).
patching file madgraph/various/cluster.py
************************************************************
*                                                          *
*                     W E L C O M E to                     *
*              M A D G R A P H 5 _ a M C @ N L O           *
*                                                          *
*                                                          *
*                 *                       *                *
*                   *        * *        *                  *
*                     * * * * 5 * * * *                    *
*                   *        * *        *                  *
*                 *                       *                *
*                                                          *
*         VERSION 2.9.18                2023-12-08         *
*                                                          *
*    The MadGraph5_aMC@NLO Development Team - Find us at   *
*    https://server06.fynu.ucl.ac.be/projects/madgraph     *
*                            and                           *
*            http://amcatnlo.web.cern.ch/amcatnlo/         *
*                                                          *
*               Type 'help' for in-line help.              *
*           Type 'tutorial' to learn how MG5 works         *
*    Type 'tutorial aMCatNLO' to learn how aMC@NLO works   *
*    Type 'tutorial MadLoop' to learn how MadLoop works    *
*                                                          *
************************************************************
load MG5 configuration from input/mg5_configuration.txt 
fastjet-config does not seem to correspond to a valid fastjet-config executable (v3+). We will use fjcore instead.
 Please set the 'fastjet'variable to the full (absolute) /PATH/TO/fastjet-config (including fastjet-config).
 MG5_aMC> set fastjet /PATH/TO/fastjet-config

set lhapdf to lhapdf-config
None does not seem to correspond to a valid lhapdf-config executable. 
Please set the 'lhapdf' variable to the (absolute) /PATH/TO/lhapdf-config (including lhapdf-config).
Note that you can still compile and run aMC@NLO with the built-in PDFs
 MG5_aMC> set lhapdf /PATH/TO/lhapdf-config

Using default eps viewer "evince". Set another one in ./input/mg5_configuration.txt
Using default web browser "firefox". Set another one in ./input/mg5_configuration.txt
import /eos/home-r/rmclaugh/genproductions/bin/MadGraph5_aMCatNLO/ZTo3g_M10/ZTo3g_M10_gridpack/work/MG5_aMC_v2_9_18/mgconfigscript
The import format was not given, so we guess it as command
set auto_update 0
set automatic_html_opening False
This option will be the default in any output that you are going to create in this session.
In order to keep this changes permanent please run 'save options'
set auto_convert_model True
save options auto_convert_model
save configuration file to /eos/home-r/rmclaugh/genproductions/bin/MadGraph5_aMCatNLO/ZTo3g_M10/ZTo3g_M10_gridpack/work/MG5_aMC_v2_9_18/input/mg5_configuration.txt
set lhapdf_py3 /cvmfs/cms.cern.ch/el9_amd64_gcc11/external/lhapdf/6.4.0-a1eec6e5fc67bd79ff44968065caf8fe/share/LHAPDF/../../bin/lhapdf-config
set lhapdf to /cvmfs/cms.cern.ch/el9_amd64_gcc11/external/lhapdf/6.4.0-a1eec6e5fc67bd79ff44968065caf8fe/share/LHAPDF/../../bin/lhapdf-config
save options lhapdf_py3
save configuration file to /eos/home-r/rmclaugh/genproductions/bin/MadGraph5_aMCatNLO/ZTo3g_M10/ZTo3g_M10_gridpack/work/MG5_aMC_v2_9_18/input/mg5_configuration.txt
set run_mode 2
This option will be the default in any output that you are going to create in this session.
In order to keep this changes permanent please run 'save options'
save options --all
save configuration file to /eos/home-r/rmclaugh/genproductions/bin/MadGraph5_aMCatNLO/ZTo3g_M10/ZTo3g_M10_gridpack/work/MG5_aMC_v2_9_18/input/mg5_configuration.txt
quit
Loading extra models specified in /eos/user/r/rmclaugh/genproductions/bin/MadGraph5_aMCatNLO/cards/ZTo3g_M10/ZTo3g_M10_extramodels.dat
Loading extra model ALP.tar.gz
--2025-07-18 20:37:36--  https://cms-project-generators.web.cern.ch/cms-project-generators/ALP.tar.gz
Resolving cms-project-generators.web.cern.ch (cms-project-generators.web.cern.ch)... 2001:1458:d00:17::100:9e, 2001:1458:d00:61::100:1a4, 2001:1458:d00:62::100:2e8, ...
Connecting to cms-project-generators.web.cern.ch (cms-project-generators.web.cern.ch)|2001:1458:d00:17::100:9e|:443... connected.
HTTP request sent, awaiting response... 200 OK
Length: 61332 (60K) [application/x-gzip]
Saving to: 'ALP.tar.gz'

     0K .......... .......... .......... .......... .......... 83% 9.93M 0s
    50K .........                                             100% 3.54M=0.008s

2025-07-18 20:37:36 (7.65 MB/s) - 'ALP.tar.gz' saved [61332/61332]

ALP/
ALP/__init__.py
ALP/ALP_HEFT_new.log
ALP/coupling_orders.py
ALP/couplings.py
ALP/CT_couplings.py
ALP/dec_model.pkl
ALP/decays.py
ALP/function_library.py
ALP/lorentz.py
ALP/model.pkl
ALP/object_library.py
ALP/parameters.py
ALP/particles.py
ALP/propagators.py
ALP/vertices.py
ALP/write_param_card.py
ls: cannot access '/eos/user/r/rmclaugh/genproductions/bin/MadGraph5_aMCatNLO/cards/ZTo3g_M10/ZTo3g_M10*.patch': No such file or directory
/eos/user/r/rmclaugh/genproductions/bin/MadGraph5_aMCatNLO/ZTo3g_M10/ZTo3g_M10_gridpack/work
************************************************************
*                                                          *
*                     W E L C O M E to                     *
*              M A D G R A P H 5 _ a M C @ N L O           *
*                                                          *
*                                                          *
*                 *                       *                *
*                   *        * *        *                  *
*                     * * * * 5 * * * *                    *
*                   *        * *        *                  *
*                 *                       *                *
*                                                          *
*         VERSION 2.9.18                2023-12-08         *
*                                                          *
*    The MadGraph5_aMC@NLO Development Team - Find us at   *
*    https://server06.fynu.ucl.ac.be/projects/madgraph     *
*                            and                           *
*            http://amcatnlo.web.cern.ch/amcatnlo/         *
*                                                          *
*               Type 'help' for in-line help.              *
*           Type 'tutorial' to learn how MG5 works         *
*    Type 'tutorial aMCatNLO' to learn how aMC@NLO works   *
*    Type 'tutorial MadLoop' to learn how MadLoop works    *
*                                                          *
************************************************************
load MG5 configuration from MG5_aMC_v2_9_18/input/mg5_configuration.txt 
None does not seem to correspond to a valid fastjet-config executable (v3+). We will use fjcore instead.
 Please set the 'fastjet'variable to the full (absolute) /PATH/TO/fastjet-config (including fastjet-config).
 MG5_aMC> set fastjet /PATH/TO/fastjet-config

set lhapdf to /cvmfs/cms.cern.ch/el9_amd64_gcc11/external/lhapdf/6.4.0-a1eec6e5fc67bd79ff44968065caf8fe/share/LHAPDF/../../bin/lhapdf-config
set lhapdf to /cvmfs/cms.cern.ch/el9_amd64_gcc11/external/lhapdf/6.4.0-a1eec6e5fc67bd79ff44968065caf8fe/share/LHAPDF/../../bin/lhapdf-config
Using default eps viewer "evince". Set another one in ./input/mg5_configuration.txt
Using default web browser "firefox". Set another one in ./input/mg5_configuration.txt
import /eos/home-r/rmclaugh/genproductions/bin/MadGraph5_aMCatNLO/ZTo3g_M10/ZTo3g_M10_gridpack/work/ZTo3g_M10_proc_card.dat
The import format was not given, so we guess it as command
import model ALP
fail to load model but auto_convert_model is on True. Trying to convert the model
convert model /eos/home-r/rmclaugh/genproductions/bin/MadGraph5_aMCatNLO/ZTo3g_M10/ZTo3g_M10_gridpack/work/MG5_aMC_v2_9_18/models/ALP
retry the load of the model
import model ALP
INFO: load particles 
INFO: load vertices 
INFO: Change particles name to pass to MG5 convention 
Defined multiparticle p = g u c d s u~ c~ d~ s~
Defined multiparticle j = g u c d s u~ c~ d~ s~
Defined multiparticle l+ = e+ mu+
Defined multiparticle l- = e- mu-
Defined multiparticle vl = ve vm vt
Defined multiparticle vl~ = ve~ vm~ vt~
Defined multiparticle all = g a ve vm vt ve~ vm~ vt~ u c t d s b u~ c~ t~ d~ s~ b~ z w+ h alp w- e- mu- ta- e+ mu+ ta+
INFO: Change particles name to pass to MG5 convention 
Kept definitions of multiparticles p / j / l+ / l- / vl / vl~ unchanged
Defined multiparticle all = g a ve vm vt ve~ vm~ vt~ u c t d s b u~ c~ t~ d~ s~ b~ z w+ h alp w- e- mu- ta- e+ mu+ ta+
define l+ = e+ mu+ ta+
Defined multiparticle l+ = e+ mu+ ta+
define l- = e- mu- ta-
Defined multiparticle l- = e- mu- ta-
generate p p > Z > a alp , alp > a a
INFO: Checking for minimal orders which gives processes. 
INFO: Please specify coupling orders to bypass this step. 
INFO: Trying process: g g > z > a alp WEIGHTED<=4 @1  
INFO: Trying process: u u~ > z > a alp WEIGHTED<=4 @1  
INFO: Process has 1 diagrams 
INFO: Trying process: u c~ > z > a alp WEIGHTED<=4 @1  
INFO: Trying process: c u~ > z > a alp WEIGHTED<=4 @1  
INFO: Trying process: c c~ > z > a alp WEIGHTED<=4 @1  
INFO: Process has 1 diagrams 
INFO: Trying process: d d~ > z > a alp WEIGHTED<=4 @1  
INFO: Process has 1 diagrams 
INFO: Trying process: d s~ > z > a alp WEIGHTED<=4 @1  
INFO: Trying process: s d~ > z > a alp WEIGHTED<=4 @1  
INFO: Trying process: s s~ > z > a alp WEIGHTED<=4 @1  
INFO: Process has 1 diagrams 
INFO: Process u~ u > a alp added to mirror process u u~ > a alp 
INFO: Process c~ c > a alp added to mirror process c c~ > a alp 
INFO: Process d~ d > a alp added to mirror process d d~ > a alp 
INFO: Process s~ s > a alp added to mirror process s s~ > a alp 
INFO: Checking for minimal orders which gives processes. 
INFO: Please specify coupling orders to bypass this step. 
INFO: Trying process: alp > a a WEIGHTED<=2  
INFO: Process has 1 diagrams 
1 processes with 5 diagrams generated in 0.037 s
Total: 1 processes with 5 diagrams
output ZTo3g_M10
[1;34mPlugin PLUGIN.CMS_CLUSTER has marked as NOT being validated with this version. 
It has been validated for the last time with version: 2.6.0[0m
INFO: initialize a new directory: ZTo3g_M10 
INFO: remove old information in ZTo3g_M10 
INFO: Organizing processes into subprocess groups 
INFO: Organizing processes into subprocess groups 
INFO: Generating Helas calls for process: u u~ > z > a alp WEIGHTED<=4 @1 
INFO: Generating Helas calls for process: c c~ > z > a alp WEIGHTED<=4 @1 
INFO: Generating Helas calls for process: d d~ > z > a alp WEIGHTED<=4 @1 
INFO: Generating Helas calls for process: s s~ > z > a alp WEIGHTED<=4 @1 
INFO: Generating Helas calls for process: alp > a a WEIGHTED<=2 
INFO: Combine u u~ > z > a alp WEIGHTED<=4 @1 with decays alp > a a WEIGHTED<=2 
INFO: Combine c c~ > z > a alp WEIGHTED<=4 @1 with decays alp > a a WEIGHTED<=2 
INFO: Combine d d~ > z > a alp WEIGHTED<=4 @1 with decays alp > a a WEIGHTED<=2 
INFO: Combine s s~ > z > a alp WEIGHTED<=4 @1 with decays alp > a a WEIGHTED<=2 
INFO: Processing color information for process: u u~ > z > a alp @1
  Decay: alp > a a WEIGHTED<=2 
INFO: Reusing existing color information for process: c c~ > z > a alp @1
  Decay: alp > a a WEIGHTED<=2 
INFO: Reusing existing color information for process: d d~ > z > a alp @1
  Decay: alp > a a WEIGHTED<=2 
INFO: Reusing existing color information for process: s s~ > z > a alp @1
  Decay: alp > a a WEIGHTED<=2 
INFO: Creating files in directory P1_uux_aalp_alp_aa 
INFO: Generating Feynman diagrams for Process: u u~ > z > a alp WEIGHTED<=4 @1
  Decay: alp > a a WEIGHTED<=2 
INFO: Finding symmetric diagrams for subprocess group uux_aalp_alp_aa 
INFO: Creating files in directory P1_ccx_aalp_alp_aa 
INFO: Generating Feynman diagrams for Process: c c~ > z > a alp WEIGHTED<=4 @1
  Decay: alp > a a WEIGHTED<=2 
INFO: Finding symmetric diagrams for subprocess group ccx_aalp_alp_aa 
INFO: Creating files in directory P1_ddx_aalp_alp_aa 
INFO: Generating Feynman diagrams for Process: d d~ > z > a alp WEIGHTED<=4 @1
  Decay: alp > a a WEIGHTED<=2 
INFO: Finding symmetric diagrams for subprocess group ddx_aalp_alp_aa 
INFO: Creating files in directory P1_ssx_aalp_alp_aa 
INFO: Generating Feynman diagrams for Process: s s~ > z > a alp WEIGHTED<=4 @1
  Decay: alp > a a WEIGHTED<=2 
INFO: Finding symmetric diagrams for subprocess group ssx_aalp_alp_aa 
Generated helas calls for 4 subprocesses (4 diagrams) in 0.024 s
Wrote files for 32 helas calls in 4.870 s
ALOHA: aloha creates VVS2 routines
ALOHA: aloha creates FFV2 routines
ALOHA: aloha creates FFV5 routines
ALOHA: aloha creates FFV3 routines
The option auto_update is modified [7] but will not be written in the configuration files.
If you want to make this value the default for future session, you can run 'save options --all'
save configuration file to /eos/home-r/rmclaugh/genproductions/bin/MadGraph5_aMCatNLO/ZTo3g_M10/ZTo3g_M10_gridpack/work/ZTo3g_M10/Cards/me5_configuration.txt
INFO: Use Fortran compiler gfortran 
INFO: Use c++ compiler g++ 
INFO: Generate jpeg diagrams 
gs: /cvmfs/cms.cern.ch/el9_amd64_gcc11/cms/cmssw/CMSSW_13_2_9/external/el9_amd64_gcc11/lib/libtiff.so.5: no version information available (required by /lib64/libgs.so.9)
gs: /cvmfs/cms.cern.ch/el9_amd64_gcc11/cms/cmssw/CMSSW_13_2_9/external/el9_amd64_gcc11/lib/libtiff.so.5: no version information available (required by /lib64/libgs.so.9)
gs: /cvmfs/cms.cern.ch/el9_amd64_gcc11/cms/cmssw/CMSSW_13_2_9/external/el9_amd64_gcc11/lib/libtiff.so.5: no version information available (required by /lib64/libgs.so.9)
gs: /cvmfs/cms.cern.ch/el9_amd64_gcc11/cms/cmssw/CMSSW_13_2_9/external/el9_amd64_gcc11/lib/libtiff.so.5: no version information available (required by /lib64/libgs.so.9)
gs: /cvmfs/cms.cern.ch/el9_amd64_gcc11/cms/cmssw/CMSSW_13_2_9/external/el9_amd64_gcc11/lib/libtiff.so.5: no version information available (required by /lib64/libgs.so.9)
INFO: Generate web pages 
tar: Cards: file changed as we read it
tar: SubProcesses/P1_ccx_aalp_alp_aa: file changed as we read it
tar: SubProcesses/P1_ddx_aalp_alp_aa: file changed as we read it
tar: SubProcesses/P1_ssx_aalp_alp_aa: file changed as we read it
tar: SubProcesses/P1_uux_aalp_alp_aa: file changed as we read it
tar: bin: file changed as we read it
tar: Events: file changed as we read it
Output to directory /eos/home-r/rmclaugh/genproductions/bin/MadGraph5_aMCatNLO/ZTo3g_M10/ZTo3g_M10_gridpack/work/ZTo3g_M10 done.
Type "launch" to generate events from this process, or see
/eos/home-r/rmclaugh/genproductions/bin/MadGraph5_aMCatNLO/ZTo3g_M10/ZTo3g_M10_gridpack/work/ZTo3g_M10/README
Run "open index.html" to see more information about this process.
display multiparticles
Multiparticle labels:
p = g u c d s u~ c~ d~ s~
j = g u c d s u~ c~ d~ s~
l+ = e+ mu+ ta+
l- = e- mu- ta-
vl = ve vm vt
vl~ = ve~ vm~ vt~
all = g a ve vm vt ve~ vm~ vt~ u c t d s b u~ c~ t~ d~ s~ b~ z w+ h alp w- e- mu- ta- e+ mu+ ta+
quit
copying generated process to working directory
INFO: Using default PDF sets for run3 production
starting LO mode
************************************************************
*                                                          *
*                      W E L C O M E to                    *
*             M A D G R A P H 5 _ a M C @ N L O            *
*                      M A D E V E N T                     *
*                                                          *
*                 *                       *                *
*                   *        * *        *                  *
*                     * * * * 5 * * * *                    *
*                   *        * *        *                  *
*                 *                       *                *
*                                                          *
*         VERSION 2.9.18                                   *
*                                                          *
*    The MadGraph5_aMC@NLO Development Team - Find us at   *
*    https://server06.fynu.ucl.ac.be/projects/madgraph     *
*                                                          *
*               Type 'help' for in-line help.              *
*                                                          *
************************************************************
INFO: load configuration from /eos/home-r/rmclaugh/genproductions/bin/MadGraph5_aMCatNLO/ZTo3g_M10/ZTo3g_M10_gridpack/work/processtmp/Cards/me5_configuration.txt  
INFO: load configuration from /eos/home-r/rmclaugh/genproductions/bin/MadGraph5_aMCatNLO/ZTo3g_M10/ZTo3g_M10_gridpack/work/MG5_aMC_v2_9_18/input/mg5_configuration.txt  
INFO: load configuration from /eos/home-r/rmclaugh/genproductions/bin/MadGraph5_aMCatNLO/ZTo3g_M10/ZTo3g_M10_gridpack/work/processtmp/Cards/me5_configuration.txt  
Using default eps viewer "evince". Set another one in ./input/mg5_configuration.txt
Using default web browser "firefox". Set another one in ./input/mg5_configuration.txt
generate_events pilotrun
stty: 'standard input': Inappropriate ioctl for device
The following switches determine which programs are run:
/===========================================================================\
| 1. Choose the shower/hadronization program   [1m  shower[0m = [01mNot Avail.[0m        |
| 2. Choose the detector simulation program    [1mdetector[0m = [01mNot Avail.[0m        |
| 3. Choose an analysis package (plot/convert) [1manalysis[0m = [01mNot Avail.[0m        |
| 4. Decay onshell particles                   [1m madspin[0m = [31mOFF[0m               |
| 5. Add weights to events for new hypp.       [1mreweight[0m = [31mOFF[0m               |
\===========================================================================/
Either type the switch number (1 to 5) to change its setting,
Set any switch explicitly (e.g. type 'madspin=ON' at the prompt)
Type 'help' for the list of all valid option
Type '0', 'auto', 'done' or just press enter when you are done.[60s to answer] 
>stty: 'standard input': Inappropriate ioctl for device
[1;34mrun_card missed argument time_of_flight. Takes default: -1.0[0m
[1;34mrun_card missed argument bias_module. Takes default: None[0m
[1;34mrun_card missed argument pt_min_pdg. Takes default: {}[0m
[1;34mrun_card missed argument pt_max_pdg. Takes default: {}[0m
[1;34mrun_card missed argument eta_min_pdg. Takes default: {}[0m
[1;34mrun_card missed argument eta_max_pdg. Takes default: {}[0m
[1;34mrun_card missed argument mxx_min_pdg. Takes default: {}[0m
[1;34mrun_card missed argument mxx_only_part_antipart. Takes default: {'default': False}[0m
[1;34mThe parameter ptonium is not supported anymore this parameter will be ignored.[0m
[1;34mThe parameter etaonium is not supported anymore this parameter will be ignored.[0m
Do you want to edit a card (press enter to bypass editing)?
/------------------------------------------------------------\
|  [31m1[0m. param : [32mparam_card.dat[0m                                 |
|  [31m2[0m. run   : [32mrun_card.dat[0m                                   |
\------------------------------------------------------------/
 you can also
   - enter the path to a valid card or banner.
   - use the 'set' command to modify a parameter directly.
     The set option works only for param_card and run_card.
     Type 'help set' for more information on this command.
   - call an external program (ASperGE/MadWidth/...).
     Type 'help' for the list of available command
 [[4m0[0m, done, 1, param, 2, run, enter path][90s to answer] 
>[1mINFO: modify parameter gridpack of the run_card.dat to True [0m
Do you want to edit a card (press enter to bypass editing)?
/------------------------------------------------------------\
|  [31m1[0m. param : [32mparam_card.dat[0m                                 |
|  [31m2[0m. run   : [32mrun_card.dat[0m                                   |
\------------------------------------------------------------/
 you can also
   - enter the path to a valid card or banner.
   - use the 'set' command to modify a parameter directly.
     The set option works only for param_card and run_card.
     Type 'help set' for more information on this command.
   - call an external program (ASperGE/MadWidth/...).
     Type 'help' for the list of available command
 [[4m0[0m, done, 1, param, 2, run, enter path] 
>[1mINFO: modify param_card information BLOCK mass with id (9000005,) set to 10.0 [0m
Do you want to edit a card (press enter to bypass editing)?
/------------------------------------------------------------\
|  [31m1[0m. param : [32mparam_card.dat[0m                                 |
|  [31m2[0m. run   : [32mrun_card.dat[0m                                   |
\------------------------------------------------------------/
 you can also
   - enter the path to a valid card or banner.
   - use the 'set' command to modify a parameter directly.
     The set option works only for param_card and run_card.
     Type 'help set' for more information on this command.
   - call an external program (ASperGE/MadWidth/...).
     Type 'help' for the list of available command
 [[4m0[0m, done, 1, param, 2, run, enter path] 
>[1mINFO: modify param_card information BLOCK decay with id (9000005,) set to Auto [0m
Do you want to edit a card (press enter to bypass editing)?
/------------------------------------------------------------\
|  [31m1[0m. param : [32mparam_card.dat[0m                                 |
|  [31m2[0m. run   : [32mrun_card.dat[0m                                   |
\------------------------------------------------------------/
 you can also
   - enter the path to a valid card or banner.
   - use the 'set' command to modify a parameter directly.
     The set option works only for param_card and run_card.
     Type 'help set' for more information on this command.
   - call an external program (ASperGE/MadWidth/...).
     Type 'help' for the list of available command
 [[4m0[0m, done, 1, param, 2, run, enter path] 
>INFO: load particles 
INFO: load vertices 
INFO: Change particles name to pass to MG5 convention 
************************************************************
*                                                          *
*                     W E L C O M E to                     *
*              M A D G R A P H 5 _ a M C @ N L O           *
*                                                          *
*                                                          *
*                 *                       *                *
*                   *        * *        *                  *
*                     * * * * 5 * * * *                    *
*                   *        * *        *                  *
*                 *                       *                *
*                                                          *
*         VERSION 2.9.18                2023-12-08         *
*                                                          *
*    The MadGraph5_aMC@NLO Development Team - Find us at   *
*    https://server06.fynu.ucl.ac.be/projects/madgraph     *
*                            and                           *
*            http://amcatnlo.web.cern.ch/amcatnlo/         *
*                                                          *
*               Type 'help' for in-line help.              *
*           Type 'tutorial' to learn how MG5 works         *
*    Type 'tutorial aMCatNLO' to learn how aMC@NLO works   *
*    Type 'tutorial MadLoop' to learn how MadLoop works    *
*                                                          *
************************************************************
load MG5 configuration from ../MG5_aMC_v2_9_18/input/mg5_configuration.txt 
None does not seem to correspond to a valid fastjet-config executable (v3+). We will use fjcore instead.
 Please set the 'fastjet'variable to the full (absolute) /PATH/TO/fastjet-config (including fastjet-config).
 MG5_aMC> set fastjet /PATH/TO/fastjet-config

set lhapdf to /cvmfs/cms.cern.ch/el9_amd64_gcc11/external/lhapdf/6.4.0-a1eec6e5fc67bd79ff44968065caf8fe/share/LHAPDF/../../bin/lhapdf-config
set lhapdf to /cvmfs/cms.cern.ch/el9_amd64_gcc11/external/lhapdf/6.4.0-a1eec6e5fc67bd79ff44968065caf8fe/share/LHAPDF/../../bin/lhapdf-config
Using default eps viewer "evince". Set another one in ./input/mg5_configuration.txt
Using default web browser "firefox". Set another one in ./input/mg5_configuration.txt
set automatic_html_opening False --no_save
compute_widths 9000005 --output=/eos/home-r/rmclaugh/genproductions/bin/MadGraph5_aMCatNLO/ZTo3g_M10/ZTo3g_M10_gridpack/work/processtmp/Cards/param_card.dat --path=/eos/home-r/rmclaugh/genproductions/bin/MadGraph5_aMCatNLO/ZTo3g_M10/ZTo3g_M10_gridpack/work/processtmp/Cards/param_card.dat --body_decay=4.0025 --precision_channel=0.01
[1;34mPlease note that the automatic computation of the width is
    only valid in narrow-width approximation and at tree-level.[0m
INFO: Get two body decay from FeynRules formula 
Results written to /eos/home-r/rmclaugh/genproductions/bin/MadGraph5_aMCatNLO/ZTo3g_M10/ZTo3g_M10_gridpack/work/processtmp/Cards/param_card.dat
INFO: get decay diagram for alp 
Vertexlist of this model has not been searched.Automatically run the model.find_vertexlist()
Found 3 stable particles
No decay is found
No need for N body-decay (N>2). Results are in /eos/home-r/rmclaugh/genproductions/bin/MadGraph5_aMCatNLO/ZTo3g_M10/ZTo3g_M10_gridpack/work/processtmp/Cards/param_card.dat
INFO: Update the dependent parameter of the param_card.dat 
[1;34mWARNING: For consistency, the width of particle 25 (h) is changed to 0.008672693113142248. [0m
[1;34mThe parameter ptonium is not supported anymore this parameter will be ignored.[0m
[1;34mThe parameter etaonium is not supported anymore this parameter will be ignored.[0m
Generating gridpack with run name pilotrun
survey  pilotrun --accuracy=0.01 --points=2000 --iterations=8 --gridpack=.true.
[1;34mThe parameter ptonium is not supported anymore this parameter will be ignored.[0m
[1;34mThe parameter etaonium is not supported anymore this parameter will be ignored.[0m
INFO: compile directory 
INFO: Using LHAPDF v6.4.0 interface for PDFs 
[1;34mThe parameter ptonium is not supported anymore this parameter will be ignored.[0m
[1;34mThe parameter etaonium is not supported anymore this parameter will be ignored.[0m
compile Source Directory
Using random number seed offset = 21
INFO: Running Survey 
Creating Jobs
Working on SubProcesses
INFO: Compiling for process 1/4. 
INFO:     P1_uux_aalp_alp_aa  
  0%|                                                                                                                                                               | 0/733 [00:00<?, ?it/s]100%|| 733/733 [00:00<00:00, 89261.24it/s]
INFO: Compiling for process 2/4. 
INFO:     P1_ccx_aalp_alp_aa  
  0%|                                                                                                                                                               | 0/733 [00:00<?, ?it/s]100%|| 733/733 [00:00<00:00, 97665.90it/s]
INFO: Compiling for process 3/4. 
INFO:     P1_ddx_aalp_alp_aa  
  0%|                                                                                                                                                               | 0/733 [00:00<?, ?it/s]100%|| 733/733 [00:00<00:00, 76161.84it/s]
INFO: Compiling for process 4/4. 
INFO:     P1_ssx_aalp_alp_aa  
  0%|                                                                                                                                                               | 0/733 [00:00<?, ?it/s]100%|| 733/733 [00:00<00:00, 74583.95it/s]
INFO:     P1_uux_aalp_alp_aa  
INFO:     P1_ccx_aalp_alp_aa  
INFO:     P1_ddx_aalp_alp_aa  
INFO:     P1_ssx_aalp_alp_aa  
INFO:  Idle: 1,  Running: 0,  Completed: 3 [ current time: 20h39 ] 
INFO:  Idle: 0,  Running: 1,  Completed: 3 [ current time: 20h39 ] 
INFO:  Idle: 0,  Running: 0,  Completed: 4 [  0.77s  ] 
sum of cpu time of last step: 2 seconds
  === Results Summary for run: pilotrun tag: tag_1 ===

     Cross-section :   0.009841 +- 2.11e-05 pb
     Nb of events :  0
 
INFO: End survey 
combine_events
INFO: Combining Events 
[1;34mThe parameter ptonium is not supported anymore this parameter will be ignored.[0m
[1;34mThe parameter etaonium is not supported anymore this parameter will be ignored.[0m
combination of events done in 0.05019378662109375 s 
store_events
INFO: Storing parton level results 
INFO: End Parton 
decay_events -from_cards
create_gridpack
INFO: Creating gridpack 
P1_uux_aalp_alp_aa
P1_ccx_aalp_alp_aa
P1_ddx_aalp_alp_aa
P1_ssx_aalp_alp_aa
Cleaning  SubProcesses.... 
tar: madevent/SubProcesses/P1_ccx_aalp_alp_aa/Hel: file changed as we read it
tar: madevent/SubProcesses/P1_ccx_aalp_alp_aa: file changed as we read it
tar: madevent/SubProcesses/P1_ddx_aalp_alp_aa/Hel: file changed as we read it
tar: madevent/SubProcesses/P1_ddx_aalp_alp_aa: file changed as we read it
tar: madevent/SubProcesses/P1_ssx_aalp_alp_aa/Hel: file changed as we read it
tar: madevent/SubProcesses/P1_ssx_aalp_alp_aa: file changed as we read it
tar: madevent/SubProcesses/P1_uux_aalp_alp_aa/Hel: file changed as we read it
tar: madevent/SubProcesses/P1_uux_aalp_alp_aa: file changed as we read it
tar: madevent/SubProcesses: file changed as we read it
tar: madevent/bin/internal/__pycache__: file changed as we read it
tar: madevent/bin/internal/ufomodel/__pycache__: file changed as we read it
tar: madevent/lib/PDFsets/NNPDF31_nnlo_as_0118_nf_4_mc_hessian: file changed as we read it
tar: madevent: file changed as we read it
INFO: gridpack created 
quit
INFO: storing files of previous run 
INFO: Done 
INFO:  
finished pilot run
cleaning temporary output
unpacking temporary gridpack
cleaning temporary gridpack
Now generating 1000 events with random seed 234567 and granularity 1
************************************************************
*                                                          *
*                      W E L C O M E to                    *
*             M A D G R A P H 5 _ a M C @ N L O            *
*                      M A D E V E N T                     *
*                                                          *
*                 *                       *                *
*                   *        * *        *                  *
*                     * * * * 5 * * * *                    *
*                   *        * *        *                  *
*                 *                       *                *
*                                                          *
*         VERSION 2.9.18                                   *
*                                                          *
*    The MadGraph5_aMC@NLO Development Team - Find us at   *
*    https://server06.fynu.ucl.ac.be/projects/madgraph     *
*                                                          *
*               Type 'help' for in-line help.              *
*                                                          *
************************************************************
INFO: load configuration from /eos/home-r/rmclaugh/genproductions/bin/MadGraph5_aMCatNLO/ZTo3g_M10/ZTo3g_M10_gridpack/work/process/madevent/Cards/me5_configuration.txt  
INFO: load configuration from /eos/home-r/rmclaugh/genproductions/bin/MadGraph5_aMCatNLO/ZTo3g_M10/ZTo3g_M10_gridpack/work/MG5_aMC_v2_9_18/input/mg5_configuration.txt  
INFO: load configuration from /eos/home-r/rmclaugh/genproductions/bin/MadGraph5_aMCatNLO/ZTo3g_M10/ZTo3g_M10_gridpack/work/process/madevent/Cards/me5_configuration.txt  
Using default eps viewer "evince". Set another one in ./input/mg5_configuration.txt
Using default web browser "firefox". Set another one in ./input/mg5_configuration.txt
WRITE GRIDCARD /eos/home-r/rmclaugh/genproductions/bin/MadGraph5_aMCatNLO/ZTo3g_M10/ZTo3g_M10_gridpack/work/process/madevent
generate 1000 events
[1;34mThe parameter ptonium is not supported anymore this parameter will be ignored.[0m
[1;34mThe parameter etaonium is not supported anymore this parameter will be ignored.[0m
P1_uux_aalp_alp_aa
P1_ccx_aalp_alp_aa
P1_ddx_aalp_alp_aa
P1_ssx_aalp_alp_aa
Using random number seed offset = 234567
INFO: Generating 1000.0 unweighted events. 
sum of cpu time of last step: 2 seconds
INFO: need to improve 4 channels 
combine_events
[1;34mThe parameter ptonium is not supported anymore this parameter will be ignored.[0m
[1;34mThe parameter etaonium is not supported anymore this parameter will be ignored.[0m
store_events
  === Results Summary for run: GridRun_234567 tag: tag_1 ===

     Cross-section :   0 +- 0 pb
     Nb of events :  1000
 
decay_events -from_cards
DONE
write ./events.lhe.gz
preparing final gridpack
cleaning unneeded files from gridpack
rm: cannot remove 'mgbasedir/doc': No such file or directory
