 Process in group number            1
 A PDF is used, so alpha_s(MZ) is going to be modified
 Old value of alpha_s from param_card:   0.11839999999999999     
  ****************************************
 
       NNPDFDriver version 1.0.3
   Grid: NNPDF23_lo_as_0130_qed_mem0.grid
  ****************************************
 New value of alpha_s from PDF nn23lo1:  0.13000000000000000     
 Define smin to   100.00000000000000     
 Warning: pt or E min of a gamma should in general be >0
 Warning: pt or E min of a gamma should in general be >0
 *****************************************************
 *               MadGraph/MadEvent                   *
 *        --------------------------------           *
 *          http://madgraph.hep.uiuc.edu             *
 *          http://madgraph.phys.ucl.ac.be           *
 *          http://madgraph.roma2.infn.it            *
 *        --------------------------------           *
 *                                                   *
 *          PARAMETER AND COUPLING VALUES            *
 *                                                   *
 *****************************************************

  External Params
  ---------------------------------
  
 mdl_cabi =   0.22773599999999999     
 aEWM1 =    127.90000000000001     
 mdl_Gf =    1.1663700000000000E-005
 aS =   0.11839999999999999     
 mdl_ymdo =    5.0400000000000002E-003
 mdl_ymup =    2.5500000000000002E-003
 mdl_yms =   0.10100000000000001     
 mdl_ymc =    1.2700000000000000     
 mdl_ymb =    4.7000000000000002     
 mdl_ymt =    172.00000000000000     
 mdl_yme =    5.1099999999999995E-004
 mdl_ymm =   0.10566000000000000     
 mdl_ymtau =    1.7769999999999999     
 mdl_Lambda =    1000.0000000000000     
 mdl_gPu =    1.0000000000000000     
 mdl_gPd =    1.0000000000000000     
 mdl_gPl =    1.0000000000000000     
 mdl_cah =    1.0000000000000000     
 mdl_cZh5 =    1.0000000000000000     
 mdl_cAA =    1.0000000000000000     
 mdl_cZA =    1.0000000000000000     
 mdl_cGG =    1.0000000000000000     
 mdl_MZ =    91.187600000000003     
 mdl_Me =    5.1099999999999995E-004
 mdl_MMU =   0.10566000000000000     
 mdl_MTA =    1.7769999999999999     
 mdl_MU =    2.5500000000000002E-003
 mdl_MC =    1.2700000000000000     
 mdl_MT =    172.00000000000000     
 mdl_MD =    5.0400000000000002E-003
 mdl_MS =   0.10100000000000001     
 mdl_MB =    4.7000000000000002     
 mdl_MH =    125.00000000000000     
 mdl_MALP =    1.0000000000000000     
 mdl_WW =    2.0850000000000000     
 mdl_WT =    1.5083359999999999     
 mdl_WALP =    1.0000000000000000     
  Internal Params
  ---------------------------------
  
 mdl_MZ__exp__3 =    758241.16129882948     
 mdl_Lambda__exp__2 =    1000000.0000000000     
 mdl_cZA__exp__2 =    1.0000000000000000     
 mdl_MALP__exp__2 =    1.0000000000000000     
 mdl_MZ__exp__2 =    8315.1783937600012     
 mdl_WZ =    2.4972368484982876     
 mdl_MH__exp__3 =    1953125.0000000000     
 mdl_cZh5__exp__2 =    1.0000000000000000     
 mdl_MH__exp__2 =    15625.000000000000     
 mdl_MH__exp__4 =    244140625.00000000     
 mdl_cah__exp__2 =    1.0000000000000000     
 mdl_nb__246__exp__2 =    60516.000000000000     
 mdl_Lambda__exp__4 =    1000000000000.0000     
 mdl_WH =    9.2185731698471701E-003
 mdl_cos__cabi =   0.97418004031982097     
 mdl_CKM1x1 =               (0.97418004031982097,0.0000000000000000)
 mdl_sin__cabi =   0.22577256042856930     
 mdl_CKM1x2 =               (0.22577256042856930,0.0000000000000000)
 mdl_CKM1x3 =                (0.0000000000000000,0.0000000000000000)
 mdl_CKM2x1 =              (-0.22577256042856930,0.0000000000000000)
 mdl_CKM2x2 =               (0.97418004031982097,0.0000000000000000)
 mdl_CKM2x3 =                (0.0000000000000000,0.0000000000000000)
 mdl_CKM3x1 =                (0.0000000000000000,0.0000000000000000)
 mdl_CKM3x2 =                (0.0000000000000000,0.0000000000000000)
 mdl_CKM3x3 =                (1.0000000000000000,0.0000000000000000)
 mdl_MZ__exp__4 =    69142191.720053151     
 mdl_sqrt__2 =    1.4142135623730951     
 mdl_MT__exp__4 =    875213056.00000000     
 mdl_MT__exp__2 =    29584.000000000000     
 mdl_MH__exp__12 =    1.4551915228366852E+025
 mdl_MH__exp__10 =    9.3132257461547853E+020
 mdl_MH__exp__8 =    59604644775390624.     
 mdl_MH__exp__6 =    3814697265625.0000     
 mdl_MT__exp__6 =    25892303048704.000     
 mdl_conjg__CKM1x1 =              (0.97418004031982097,-0.0000000000000000)
 mdl_conjg__CKM2x1 =             (-0.22577256042856930,-0.0000000000000000)
 mdl_conjg__CKM3x1 =               (0.0000000000000000,-0.0000000000000000)
 mdl_conjg__CKM1x2 =              (0.22577256042856930,-0.0000000000000000)
 mdl_conjg__CKM2x2 =              (0.97418004031982097,-0.0000000000000000)
 mdl_conjg__CKM3x2 =               (0.0000000000000000,-0.0000000000000000)
 mdl_conjg__CKM1x3 =               (0.0000000000000000,-0.0000000000000000)
 mdl_conjg__CKM2x3 =               (0.0000000000000000,-0.0000000000000000)
 mdl_conjg__CKM3x3 =               (1.0000000000000000,-0.0000000000000000)
 mdl_complexi =                (0.0000000000000000,1.0000000000000000)
 mdl_aEW =    7.8186082877247844E-003
 mdl_MW =    79.824359746197842     
 mdl_sqrt__aEW =    8.8422894590285753E-002
 mdl_ee =   0.31345100004952897     
 mdl_MW__exp__2 =    6371.9284088904105     
 mdl_sw2 =   0.23369913342182447     
 mdl_cw =   0.87538612427783857     
 mdl_sqrt__sw2 =   0.48342438232036300     
 mdl_sw =   0.48342438232036300     
 mdl_cBB =  -0.23369913342182447     
 mdl_cWW =    1.2336991334218244     
 mdl_g1 =   0.35807170271074895     
 mdl_gw =   0.64839716719502682     
 mdl_vev =    246.22056907348590     
 mdl_ee__exp__2 =    9.8251529432049817E-002
 mdl_MW__exp__12 =    6.6930693681005143E+022
 mdl_MW__exp__10 =    1.0503993357430120E+019
 mdl_MW__exp__8 =    1648479499985351.8     
 mdl_MW__exp__6 =    258709670636.80698     
 mdl_MW__exp__4 =    40601471.648024678     
 mdl_AH =    3.2894475255305000E-005
 mdl_vev__exp__2 =    60624.568634871241     
 mdl_lam =   0.12886689630821144     
 mdl_yb =    2.6995322804122722E-002
 mdl_yc =    7.2944808428161397E-003
 mdl_ydo =    2.8948175943144366E-005
 mdl_ye =    2.9350233942354699E-006
 mdl_ym =    6.0687783137949077E-004
 mdl_ys =    5.8011225600348830E-004
 mdl_yt =   0.98791394091683138     
 mdl_ytau =    1.0206529494239589E-002
 mdl_yup =    1.4646398542662327E-005
 mdl_muH =    88.388347648318444     
 mdl_I1a11 =          (2.82007352074776490E-005,0.0000000000000000)
 mdl_I1a12 =        (-6.53570380242041801E-006,-0.0000000000000000)
 mdl_I1a13 =                (0.0000000000000000,0.0000000000000000)
 mdl_I1a21 =          (1.30973429373901229E-004,0.0000000000000000)
 mdl_I1a22 =          (5.65133780943500512E-004,0.0000000000000000)
 mdl_I1a23 =                (0.0000000000000000,0.0000000000000000)
 mdl_I1a31 =                (0.0000000000000000,0.0000000000000000)
 mdl_I1a32 =                (0.0000000000000000,0.0000000000000000)
 mdl_I1a33 =          (2.69953228041227219E-002,0.0000000000000000)
 mdl_I2a11 =          (1.42682291228309525E-005,0.0000000000000000)
 mdl_I2a12 =        (-1.64689361687974799E-003,-0.0000000000000000)
 mdl_I2a13 =                (0.0000000000000000,0.0000000000000000)
 mdl_I2a21 =          (3.30675490003413980E-006,0.0000000000000000)
 mdl_I2a22 =          (7.10613764156678863E-003,0.0000000000000000)
 mdl_I2a23 =                (0.0000000000000000,0.0000000000000000)
 mdl_I2a31 =                (0.0000000000000000,0.0000000000000000)
 mdl_I2a32 =                (0.0000000000000000,0.0000000000000000)
 mdl_I2a33 =               (0.98791394091683138,0.0000000000000000)
 mdl_I3a11 =          (1.42682291228309525E-005,0.0000000000000000)
 mdl_I3a12 =          (3.30675490003413980E-006,0.0000000000000000)
 mdl_I3a13 =                (0.0000000000000000,0.0000000000000000)
 mdl_I3a21 =         (-1.64689361687974799E-003,0.0000000000000000)
 mdl_I3a22 =          (7.10613764156678863E-003,0.0000000000000000)
 mdl_I3a23 =                (0.0000000000000000,0.0000000000000000)
 mdl_I3a31 =                (0.0000000000000000,0.0000000000000000)
 mdl_I3a32 =                (0.0000000000000000,0.0000000000000000)
 mdl_I3a33 =               (0.98791394091683138,0.0000000000000000)
 mdl_I4a11 =          (2.82007352074776490E-005,0.0000000000000000)
 mdl_I4a12 =          (1.30973429373901229E-004,0.0000000000000000)
 mdl_I4a13 =                (0.0000000000000000,0.0000000000000000)
 mdl_I4a21 =         (-6.53570380242041801E-006,0.0000000000000000)
 mdl_I4a22 =          (5.65133780943500512E-004,0.0000000000000000)
 mdl_I4a23 =                (0.0000000000000000,0.0000000000000000)
 mdl_I4a31 =                (0.0000000000000000,0.0000000000000000)
 mdl_I4a32 =                (0.0000000000000000,0.0000000000000000)
 mdl_I4a33 =          (2.69953228041227219E-002,0.0000000000000000)
 mdl_ee__exp__3 =    3.0797040156871746E-002
 mdl_sw__exp__3 =   0.11297585922324961     
 mdl_sw__exp__2 =   0.23369913342182450     
 mdl_cw__exp__2 =   0.76630086657817542     
  Internal Params evaluated point by point
  ----------------------------------------
  
 mdl_sqrt__aS =   0.34409301068170506     
 mdl_G__exp__2 =    1.4878582807401259     
 mdl_G__exp__3 =    1.8148567439626970     
 mdl_GH =   -5.2684330007809998E-005
  Couplings of ALP
  ---------------------------------
  
        GC_56 =   0.00000E+00  -0.19650E-03
        GC_91 =  -0.00000E+00  -0.28380E+00
        GC_92 =   0.00000E+00   0.28380E+00
       GC_102 =  -0.00000E+00  -0.28850E-01
       GC_110 =   0.00000E+00  -0.46435E-03

 Collider parameters:
 --------------------

 Running at P P   machine @    13000.000000000000       GeV
 PDF set = nn23lo1
 alpha_s(Mz)= 0.1300 running at 2 loops.
 alpha_s(Mz)= 0.1300 running at 2 loops.
 Renormalization scale set on event-by-event basis
 Factorization   scale set on event-by-event basis


 getting user params
Enter number of events and max and min iterations: 
 Number of events and iterations         1000           5           3
Enter desired fractional accuracy: 
 Desired fractional accuracy:   0.10000000000000001     
Enter 0 for fixed, 2 for adjustable grid: 
Suppress amplitude (0 no, 1 yes)? 
 Using suppressed amplitude.
Exact helicity sum (0 yes, n = number/event)? 
 Explicitly summing over helicities
Enter Configuration Number: 
Running Configuration Number:    1
 Not subdividing B.W.
 Attempting mappinvarients           1           5
 Determine nb_t
 T-channel found:            0
 Completed mapping           5
 about to integrate            7        1000           5           3           7           1
 Using non-zero grid deformation.
  7 dimensions   1000 events  7 invarients  5 iterations  1 config(s),  (0.99)
 Using h-tuple random number sequence.
 Error opening grid
 Using Uniform Grid!          20
 Using uniform alpha   1.0000000000000000     
 Grid defined OK
 Masses: 0.255E-02 0.255E-02 0.000E+00 0.000E+00 0.000E+00
 Set CM energy to      13000.00
 Mapping Graph           1  to config           1
 Determine nb_t
 T-channel found:            0
 Setting BW          -1           1   1.0000000000000000     
 Setting PDF BW           6           2   91.187600000000003     
 Transforming s_hat BW    4.9202239016331379E-005   1.3474380760125592E-006
Using random seed offsets     1 :      1
  with seed                   24
 Ranmar initialization seeds       31059        9398
 
 ********************************************
 * You are using the DiscreteSampler module *
 *      part of the MG5_aMC framework       *
 *         Author: Valentin Hirschi         *
 ********************************************
 
  Particle       3       4       5
      Et >    10.0     0.0     0.0
       E >     0.0     0.0     0.0
     Eta <     2.5    -1.0    -1.0
   xqcut:      0.0     0.0     0.0
d R # 3  >    -0.0     0.0     0.0
d R # 4  >    -0.0    -0.0     0.0
s min # 3>     0.0     0.0     0.0
s min # 4>     0.0     0.0     0.0
xqcutij # 3>     0.0     0.0     0.0
xqcutij # 4>     0.0     0.0     0.0
 No cut BW           -1           1
 No cut BW           -2           2
 alpha_s for scale    90.144053684882095       is   0.13025032026018440     
 RESET CUMULATIVE VARIABLE
 Iteration  1   Mean: 0.3766E-06 Abs mean: 0.3766E-06   Fluctuation:  0.156E-06   0.124E-03    49.2%
  1    0.3766E-06 0.3766E-06 +- 0.1562E-06     13.11
 Writing out events   1.5297716975620088E-010   13.114550723258651     
 Relative summed weights:
  0.6165E+00  0.3835E+00
 Relative number of events:
  0.5362E+00  0.4638E+00
 Events:
         541         468
 Iteration  2   Mean: 0.4122E-06 Abs mean: 0.4122E-06   Fluctuation:  0.580E-07   0.570E-04    63.1%
  2    0.4122E-06 0.4122E-06 +- 0.5805E-07      6.30
 Relative summed weights:
  0.5216E+00  0.4784E+00
 Relative number of events:
  0.4860E+00  0.5140E+00
 Events:
         972        1028
 Iteration  3   Mean: 0.4920E-06 Abs mean: 0.4920E-06   Fluctuation:  0.210E-07   0.197E-04    65.5%
  3    0.4920E-06 0.4920E-06 +- 0.2101E-07      2.70
 Relative summed weights:
  0.5095E+00  0.4905E+00
 Relative number of events:
  0.5030E+00  0.4970E+00
 Events:
        2012        1988
 Accuracy:    0.036   0.100   0.041   0.772
 Finished due to accuracy    3.5736256681355688E-002  0.10000000000000001     

 -------------------------------------------------------------------------------
 Accumulated results:   Integral =  0.4843E-06
                        Std dev  =  0.1970E-07
                       Cross sec =  0.4843E-06
             Chi**2 per DoF.     =      0.7719
 -------------------------------------------------------------------------------
 Found          574  events.
 Wrote          145  events.
 Actual xsec    4.8426132914383898E-007
 Correct abs xsec    4.8426132914383898E-007
 Event xsec    4.8426132914383750E-007
 Events wgts > 1:            7
 % Cross section > 1:    4.5079432234946225E-009  0.93089060641380528     
-------------------------------------------------
---------------------------
 Results Last   3 iters: Integral =   0.4843E-06
                     Abs integral =   0.4843E-06
                          Std dev =   0.1970E-07
                  Chi**2 per DoF. =      1.0755
-------------------------------------------------
---------------------------
 Status  0.10000000000000001                4           5

ls status:
events.lhe
ftn26
input_app.txt
results.dat
run1_app.log
